<?xml version="1.0" encoding="UTF-8"?>
<!-- Generated by org.testng.reporters.JUnitReportReporter -->
<testsuite hostname="DESKTOP-PVHGHF8" failures="0" tests="6" name="Runner_files.Login_positive_scenario_runner" time="270.467" errors="0" timestamp="2021-04-28T12:53:12 IST" skipped="0">
  <testcase classname="Runner_files.Login_positive_scenario_runner" name="runScenario" time="229.857"/>
  <system-out/>
  <testcase classname="Runner_files.Login_positive_scenario_runner" name="runScenario" time="2.401"/>
  <system-out/>
  <testcase classname="Runner_files.Login_positive_scenario_runner" name="runScenario" time="21.959"/>
  <system-out/>
  <testcase classname="Runner_files.Login_positive_scenario_runner" name="runScenario" time="6.960"/>
  <system-out/>
  <testcase classname="Runner_files.Login_positive_scenario_runner" name="runScenario" time="5.333"/>
  <system-out/>
  <testcase classname="Runner_files.Login_positive_scenario_runner" name="runScenario" time="3.957"/>
  <system-out/>
</testsuite> <!-- Runner_files.Login_positive_scenario_runner -->
