<?xml version="1.0" encoding="UTF-8"?>
<!-- Generated by org.testng.reporters.JUnitReportReporter -->
<testsuite hostname="DESKTOP-PVHGHF8" failures="0" tests="1" name="Runner_files.Signup_negative_scenario_runner" time="84.843" errors="0" timestamp="2021-04-24T12:55:42 IST" skipped="0">
  <testcase classname="Runner_files.Signup_negative_scenario_runner" name="runScenario" time="84.843"/>
  <system-out/>
</testsuite> <!-- Runner_files.Signup_negative_scenario_runner -->
